****                   ADMIXTURE Version 1.3.0                  ****
****                    Copyright 2008-2015                     ****
****           David Alexander, Suyash Shringarpure,            ****
****                John  Novembre, Ken Lange                   ****
****                                                            ****
****                 Please cite our paper!                     ****
****   Information at www.genetics.ucla.edu/software/admixture  ****

Cross-validation will be performed.  Folds=10.
Parallel execution requested.  Will use 8 threads.
Random seed: 12345
Point estimation method: Block relaxation algorithm
Convergence acceleration algorithm: QuasiNewton, 3 secant conditions
Point estimation will terminate when objective function delta < 0.0001
Estimation of standard errors disabled; will compute point estimates only.
Size of G: 3378x299481
Performing five EM steps to prime main algorithm
1 (EM) 	Elapsed: 110.733	Loglikelihood: -5.51484e+08	(delta): 9.74112e+08
2 (EM) 	Elapsed: 106.592	Loglikelihood: -5.20533e+08	(delta): 3.09509e+07
3 (EM) 	Elapsed: 106.962	Loglikelihood: -5.1589e+08	(delta): 4.64305e+06
4 (EM) 	Elapsed: 108.445	Loglikelihood: -5.13564e+08	(delta): 2.32611e+06
5 (EM) 	Elapsed: 103.682	Loglikelihood: -5.11956e+08	(delta): 1.60725e+06
Initial loglikelihood: -5.11956e+08
Starting main algorithm
1 (QN/Block) 	Elapsed: 313.288	Loglikelihood: -4.74447e+08	(delta): 3.75097e+07
2 (QN/Block) 	Elapsed: 323.004	Loglikelihood: -4.58075e+08	(delta): 1.63715e+07
3 (QN/Block) 	Elapsed: 314.723	Loglikelihood: -4.51885e+08	(delta): 6.19e+06
4 (QN/Block) 	Elapsed: 322.28	Loglikelihood: -4.48523e+08	(delta): 3.36241e+06
5 (QN/Block) 	Elapsed: 335.856	Loglikelihood: -4.47287e+08	(delta): 1.236e+06
6 (QN/Block) 	Elapsed: 320.561	Loglikelihood: -4.47045e+08	(delta): 241561
7 (QN/Block) 	Elapsed: 320.786	Loglikelihood: -4.46918e+08	(delta): 126965
8 (QN/Block) 	Elapsed: 323.286	Loglikelihood: -4.46822e+08	(delta): 96184.7
9 (QN/Block) 	Elapsed: 314.452	Loglikelihood: -4.4678e+08	(delta): 41791.7
10 (QN/Block) 	Elapsed: 325.297	Loglikelihood: -4.46774e+08	(delta): 6162.91
11 (QN/Block) 	Elapsed: 323.933	Loglikelihood: -4.46771e+08	(delta): 3552.46
12 (QN/Block) 	Elapsed: 333.847	Loglikelihood: -4.4677e+08	(delta): 259.943
13 (QN/Block) 	Elapsed: 326.723	Loglikelihood: -4.4677e+08	(delta): 37.8145
14 (QN/Block) 	Elapsed: 318.165	Loglikelihood: -4.4677e+08	(delta): 4.35786
15 (QN/Block) 	Elapsed: 315.85	Loglikelihood: -4.4677e+08	(delta): 0.242775
16 (QN/Block) 	Elapsed: 314.35	Loglikelihood: -4.4677e+08	(delta): 0.0143542
17 (QN/Block) 	Elapsed: 306.409	Loglikelihood: -4.4677e+08	(delta): 0.000686944
18 (QN/Block) 	Elapsed: 318.351	Loglikelihood: -4.4677e+08	(delta): 2.03848e-05
Summary: 
Converged in 18 iterations (6353.85 sec)
Loglikelihood: -446770220.756525
Fst divergences between estimated populations: 
	Pop0	Pop1	Pop2	Pop3	
Pop0	
Pop1	0.212	
Pop2	0.111	0.237	
Pop3	0.111	0.281	0.110	
Pop4	0.067	0.257	0.097	0.079	
CV error (K=5): 0.44719
Writing output files.
