****                   ADMIXTURE Version 1.3.0                  ****
****                    Copyright 2008-2015                     ****
****           David Alexander, Suyash Shringarpure,            ****
****                John  Novembre, Ken Lange                   ****
****                                                            ****
****                 Please cite our paper!                     ****
****   Information at www.genetics.ucla.edu/software/admixture  ****

Cross-validation will be performed.  Folds=10.
Parallel execution requested.  Will use 8 threads.
Random seed: 12345
Point estimation method: Block relaxation algorithm
Convergence acceleration algorithm: QuasiNewton, 3 secant conditions
Point estimation will terminate when objective function delta < 0.0001
Estimation of standard errors disabled; will compute point estimates only.
Size of G: 3378x299481
Performing five EM steps to prime main algorithm
1 (EM) 	Elapsed: 151.555	Loglikelihood: -5.52472e+08	(delta): 9.36297e+08
2 (EM) 	Elapsed: 143.016	Loglikelihood: -5.20125e+08	(delta): 3.2347e+07
3 (EM) 	Elapsed: 139.625	Loglikelihood: -5.15808e+08	(delta): 4.31739e+06
4 (EM) 	Elapsed: 143.839	Loglikelihood: -5.13726e+08	(delta): 2.08218e+06
5 (EM) 	Elapsed: 138.67	Loglikelihood: -5.12248e+08	(delta): 1.47761e+06
Initial loglikelihood: -5.12248e+08
Starting main algorithm
1 (QN/Block) 	Elapsed: 417.051	Loglikelihood: -4.65762e+08	(delta): 4.64865e+07
2 (QN/Block) 	Elapsed: 413.147	Loglikelihood: -4.48467e+08	(delta): 1.72948e+07
3 (QN/Block) 	Elapsed: 436.148	Loglikelihood: -4.41917e+08	(delta): 6.55036e+06
4 (QN/Block) 	Elapsed: 441.476	Loglikelihood: -4.39013e+08	(delta): 2.90328e+06
5 (QN/Block) 	Elapsed: 435.079	Loglikelihood: -4.38336e+08	(delta): 677675
6 (QN/Block) 	Elapsed: 423.121	Loglikelihood: -4.38152e+08	(delta): 183475
7 (QN/Block) 	Elapsed: 413.69	Loglikelihood: -4.38108e+08	(delta): 43708.5
8 (QN/Block) 	Elapsed: 434.043	Loglikelihood: -4.38099e+08	(delta): 9515.37
9 (QN/Block) 	Elapsed: 420.473	Loglikelihood: -4.38096e+08	(delta): 2460.79
10 (QN/Block) 	Elapsed: 411.991	Loglikelihood: -4.38096e+08	(delta): 723.924
11 (QN/Block) 	Elapsed: 430.355	Loglikelihood: -4.38095e+08	(delta): 294.074
12 (QN/Block) 	Elapsed: 435.987	Loglikelihood: -4.38095e+08	(delta): 25.9401
13 (QN/Block) 	Elapsed: 432.522	Loglikelihood: -4.38095e+08	(delta): 2.97289
14 (QN/Block) 	Elapsed: 412.97	Loglikelihood: -4.38095e+08	(delta): 0.3183
15 (QN/Block) 	Elapsed: 435.937	Loglikelihood: -4.38095e+08	(delta): 0.0575325
16 (QN/Block) 	Elapsed: 417.042	Loglikelihood: -4.38095e+08	(delta): 0.00603735
17 (QN/Block) 	Elapsed: 428.097	Loglikelihood: -4.38095e+08	(delta): 0.000745773
18 (QN/Block) 	Elapsed: 395.568	Loglikelihood: -4.38095e+08	(delta): 2.55704e-05
Summary: 
Converged in 18 iterations (8404.72 sec)
Loglikelihood: -438095360.421532
Fst divergences between estimated populations: 
	Pop0	Pop1	Pop2	Pop3	Pop4	Pop5	
Pop0	
Pop1	0.115	
Pop2	0.080	0.102	
Pop3	0.113	0.119	0.067	
Pop4	0.327	0.293	0.303	0.262	
Pop5	0.199	0.169	0.179	0.173	0.216	
Pop6	0.322	0.284	0.295	0.257	0.197	0.210	
CV error (K=7): 0.43969
Writing output files.
