****                   ADMIXTURE Version 1.3.0                  ****
****                    Copyright 2008-2015                     ****
****           David Alexander, Suyash Shringarpure,            ****
****                John  Novembre, Ken Lange                   ****
****                                                            ****
****                 Please cite our paper!                     ****
****   Information at www.genetics.ucla.edu/software/admixture  ****

Cross-validation will be performed.  Folds=10.
Parallel execution requested.  Will use 8 threads.
Random seed: 12345
Point estimation method: Block relaxation algorithm
Convergence acceleration algorithm: QuasiNewton, 3 secant conditions
Point estimation will terminate when objective function delta < 0.0001
Estimation of standard errors disabled; will compute point estimates only.
Size of G: 3378x299481
Performing five EM steps to prime main algorithm
1 (EM) 	Elapsed: 355.927	Loglikelihood: -5.51798e+08	(delta): 8.87615e+08
2 (EM) 	Elapsed: 352.645	Loglikelihood: -5.17363e+08	(delta): 3.44347e+07
3 (EM) 	Elapsed: 348.868	Loglikelihood: -5.13941e+08	(delta): 3.42215e+06
4 (EM) 	Elapsed: 348.413	Loglikelihood: -5.12544e+08	(delta): 1.39693e+06
5 (EM) 	Elapsed: 308.244	Loglikelihood: -5.11522e+08	(delta): 1.02162e+06
Initial loglikelihood: -5.11522e+08
Starting main algorithm
1 (QN/Block) 	Elapsed: 801.144	Loglikelihood: -4.53447e+08	(delta): 5.80749e+07
2 (QN/Block) 	Elapsed: 773.036	Loglikelihood: -4.35989e+08	(delta): 1.74579e+07
3 (QN/Block) 	Elapsed: 810.219	Loglikelihood: -4.29884e+08	(delta): 6.1057e+06
4 (QN/Block) 	Elapsed: 798.756	Loglikelihood: -4.27368e+08	(delta): 2.51586e+06
5 (QN/Block) 	Elapsed: 813.843	Loglikelihood: -4.25976e+08	(delta): 1.39136e+06
6 (QN/Block) 	Elapsed: 823.521	Loglikelihood: -4.25076e+08	(delta): 900155
7 (QN/Block) 	Elapsed: 814.302	Loglikelihood: -4.24699e+08	(delta): 377377
8 (QN/Block) 	Elapsed: 807.967	Loglikelihood: -4.24424e+08	(delta): 274674
9 (QN/Block) 	Elapsed: 820.188	Loglikelihood: -4.24232e+08	(delta): 192621
10 (QN/Block) 	Elapsed: 818.034	Loglikelihood: -4.24072e+08	(delta): 159315
11 (QN/Block) 	Elapsed: 802.464	Loglikelihood: -4.23787e+08	(delta): 285033
12 (QN/Block) 	Elapsed: 815.651	Loglikelihood: -4.23314e+08	(delta): 473544
13 (QN/Block) 	Elapsed: 912.352	Loglikelihood: -4.2281e+08	(delta): 504147
14 (QN/Block) 	Elapsed: 847.033	Loglikelihood: -4.22594e+08	(delta): 215813
15 (QN/Block) 	Elapsed: 846.394	Loglikelihood: -4.22504e+08	(delta): 89368.2
16 (QN/Block) 	Elapsed: 814.738	Loglikelihood: -4.22459e+08	(delta): 45125.4
17 (QN/Block) 	Elapsed: 829.574	Loglikelihood: -4.22433e+08	(delta): 26423.1
18 (QN/Block) 	Elapsed: 801.534	Loglikelihood: -4.22412e+08	(delta): 20682.5
19 (QN/Block) 	Elapsed: 805.765	Loglikelihood: -4.2239e+08	(delta): 21927.3
20 (QN/Block) 	Elapsed: 809.525	Loglikelihood: -4.22351e+08	(delta): 39012.1
21 (QN/Block) 	Elapsed: 791.047	Loglikelihood: -4.22217e+08	(delta): 134187
22 (QN/Block) 	Elapsed: 815.76	Loglikelihood: -4.22197e+08	(delta): 20544.5
23 (QN/Block) 	Elapsed: 820.85	Loglikelihood: -4.22152e+08	(delta): 44628.2
24 (QN/Block) 	Elapsed: 828.629	Loglikelihood: -4.2215e+08	(delta): 2291.34
25 (QN/Block) 	Elapsed: 832.598	Loglikelihood: -4.22149e+08	(delta): 478.936
26 (QN/Block) 	Elapsed: 833.659	Loglikelihood: -4.22149e+08	(delta): 137.593
27 (QN/Block) 	Elapsed: 829.918	Loglikelihood: -4.22149e+08	(delta): 36.5404
28 (QN/Block) 	Elapsed: 827.988	Loglikelihood: -4.22149e+08	(delta): 1.44953
29 (QN/Block) 	Elapsed: 826.029	Loglikelihood: -4.22149e+08	(delta): 0.111507
30 (QN/Block) 	Elapsed: 827.598	Loglikelihood: -4.22149e+08	(delta): 0.0243357
31 (QN/Block) 	Elapsed: 808.333	Loglikelihood: -4.22149e+08	(delta): 0.00257164
32 (QN/Block) 	Elapsed: 815.159	Loglikelihood: -4.22149e+08	(delta): 0.000625968
33 (QN/Block) 	Elapsed: 841.195	Loglikelihood: -4.22149e+08	(delta): 0.000124872
34 (QN/Block) 	Elapsed: 839.247	Loglikelihood: -4.22149e+08	(delta): 0.000207663
35 (QN/Block) 	Elapsed: 818.951	Loglikelihood: -4.22149e+08	(delta): 1.01328e-05
Summary: 
Converged in 35 iterations (30590.3 sec)
Loglikelihood: -422148930.081508
Fst divergences between estimated populations: 
	Pop0	Pop1	Pop2	Pop3	Pop4	Pop5	Pop6	Pop7	Pop8	Pop9	Pop10	Pop11	Pop12	Pop13	
Pop0	
Pop1	0.609	
Pop2	0.370	0.562	
Pop3	0.335	0.539	0.278	
Pop4	0.256	0.488	0.320	0.258	
Pop5	0.298	0.494	0.199	0.142	0.214	
Pop6	0.352	0.586	0.341	0.309	0.224	0.253	
Pop7	0.388	0.567	0.183	0.280	0.337	0.215	0.357	
Pop8	0.195	0.431	0.246	0.221	0.118	0.176	0.204	0.265	
Pop9	0.396	0.595	0.075	0.300	0.345	0.219	0.366	0.220	0.276	
Pop10	0.230	0.451	0.297	0.237	0.070	0.188	0.185	0.316	0.076	0.322	
Pop11	0.639	0.989	0.566	0.564	0.549	0.523	0.627	0.563	0.456	0.600	0.517	
Pop12	0.261	0.471	0.275	0.224	0.124	0.165	0.139	0.295	0.113	0.299	0.080	0.524	
Pop13	0.200	0.447	0.290	0.236	0.102	0.192	0.211	0.309	0.069	0.315	0.056	0.507	0.111	
Pop14	0.384	0.653	0.385	0.332	0.287	0.297	0.387	0.395	0.269	0.408	0.286	0.679	0.297	0.280	
CV error (K=15): 0.42724
Writing output files.
