****                   ADMIXTURE Version 1.3.0                  ****
****                    Copyright 2008-2015                     ****
****           David Alexander, Suyash Shringarpure,            ****
****                John  Novembre, Ken Lange                   ****
****                                                            ****
****                 Please cite our paper!                     ****
****   Information at www.genetics.ucla.edu/software/admixture  ****

Cross-validation will be performed.  Folds=10.
Parallel execution requested.  Will use 8 threads.
Random seed: 12345
Point estimation method: Block relaxation algorithm
Convergence acceleration algorithm: QuasiNewton, 3 secant conditions
Point estimation will terminate when objective function delta < 0.0001
Estimation of standard errors disabled; will compute point estimates only.
Size of G: 3378x299481
Performing five EM steps to prime main algorithm
1 (EM) 	Elapsed: 136.051	Loglikelihood: -5.52199e+08	(delta): 9.51866e+08
2 (EM) 	Elapsed: 123.48	Loglikelihood: -5.20419e+08	(delta): 3.17804e+07
3 (EM) 	Elapsed: 124.826	Loglikelihood: -5.15937e+08	(delta): 4.4815e+06
4 (EM) 	Elapsed: 124.249	Loglikelihood: -5.13748e+08	(delta): 2.18946e+06
5 (EM) 	Elapsed: 126.658	Loglikelihood: -5.12216e+08	(delta): 1.53193e+06
Initial loglikelihood: -5.12216e+08
Starting main algorithm
1 (QN/Block) 	Elapsed: 359.436	Loglikelihood: -4.65761e+08	(delta): 4.64544e+07
2 (QN/Block) 	Elapsed: 365.265	Loglikelihood: -4.51065e+08	(delta): 1.46966e+07
3 (QN/Block) 	Elapsed: 372.866	Loglikelihood: -4.46901e+08	(delta): 4.16413e+06
4 (QN/Block) 	Elapsed: 362.222	Loglikelihood: -4.4495e+08	(delta): 1.9511e+06
5 (QN/Block) 	Elapsed: 377.367	Loglikelihood: -4.44436e+08	(delta): 513119
6 (QN/Block) 	Elapsed: 379.996	Loglikelihood: -4.44297e+08	(delta): 139701
7 (QN/Block) 	Elapsed: 378.579	Loglikelihood: -4.4418e+08	(delta): 116245
8 (QN/Block) 	Elapsed: 384.139	Loglikelihood: -4.43916e+08	(delta): 264210
9 (QN/Block) 	Elapsed: 386.928	Loglikelihood: -4.42944e+08	(delta): 972356
10 (QN/Block) 	Elapsed: 368.47	Loglikelihood: -4.41472e+08	(delta): 1.47209e+06
11 (QN/Block) 	Elapsed: 372.157	Loglikelihood: -4.40788e+08	(delta): 683343
12 (QN/Block) 	Elapsed: 374.06	Loglikelihood: -4.40593e+08	(delta): 195537
13 (QN/Block) 	Elapsed: 369.533	Loglikelihood: -4.40537e+08	(delta): 55693.8
14 (QN/Block) 	Elapsed: 365.253	Loglikelihood: -4.40518e+08	(delta): 19533.3
15 (QN/Block) 	Elapsed: 366.232	Loglikelihood: -4.40513e+08	(delta): 4718
16 (QN/Block) 	Elapsed: 367.78	Loglikelihood: -4.40512e+08	(delta): 622.219
17 (QN/Block) 	Elapsed: 359.994	Loglikelihood: -4.40512e+08	(delta): 229.891
18 (QN/Block) 	Elapsed: 366.988	Loglikelihood: -4.40512e+08	(delta): 86.498
19 (QN/Block) 	Elapsed: 355.258	Loglikelihood: -4.40512e+08	(delta): 29.1999
20 (QN/Block) 	Elapsed: 362.449	Loglikelihood: -4.40512e+08	(delta): 7.05292
21 (QN/Block) 	Elapsed: 350.83	Loglikelihood: -4.40512e+08	(delta): 2.66942
22 (QN/Block) 	Elapsed: 360.556	Loglikelihood: -4.40512e+08	(delta): 2.90454
23 (QN/Block) 	Elapsed: 357.924	Loglikelihood: -4.40512e+08	(delta): 2.45456
24 (QN/Block) 	Elapsed: 357.023	Loglikelihood: -4.40512e+08	(delta): 0.485684
25 (QN/Block) 	Elapsed: 349.488	Loglikelihood: -4.40512e+08	(delta): 0.238626
26 (QN/Block) 	Elapsed: 346.712	Loglikelihood: -4.40512e+08	(delta): 0.013997
27 (QN/Block) 	Elapsed: 353.019	Loglikelihood: -4.40512e+08	(delta): 0.00194734
28 (QN/Block) 	Elapsed: 352.608	Loglikelihood: -4.40512e+08	(delta): 0.00265402
29 (QN/Block) 	Elapsed: 353.163	Loglikelihood: -4.40512e+08	(delta): 0.00180966
30 (QN/Block) 	Elapsed: 356.788	Loglikelihood: -4.40512e+08	(delta): 0.000337362
31 (QN/Block) 	Elapsed: 348.927	Loglikelihood: -4.40512e+08	(delta): 4.82798e-06
Summary: 
Converged in 31 iterations (11987.6 sec)
Loglikelihood: -440512016.009766
Fst divergences between estimated populations: 
	Pop0	Pop1	Pop2	Pop3	Pop4	
Pop0	
Pop1	0.076	
Pop2	0.300	0.276	
Pop3	0.113	0.067	0.228	
Pop4	0.201	0.180	0.178	0.164	
Pop5	0.118	0.096	0.262	0.118	0.168	
CV error (K=6): 0.44158
Writing output files.
