****                   ADMIXTURE Version 1.3.0                  ****
****                    Copyright 2008-2015                     ****
****           David Alexander, Suyash Shringarpure,            ****
****                John  Novembre, Ken Lange                   ****
****                                                            ****
****                 Please cite our paper!                     ****
****   Information at www.genetics.ucla.edu/software/admixture  ****

Cross-validation will be performed.  Folds=10.
Parallel execution requested.  Will use 8 threads.
Random seed: 12345
Point estimation method: Block relaxation algorithm
Convergence acceleration algorithm: QuasiNewton, 3 secant conditions
Point estimation will terminate when objective function delta < 0.0001
Estimation of standard errors disabled; will compute point estimates only.
Size of G: 3378x299481
Performing five EM steps to prime main algorithm
1 (EM) 	Elapsed: 61.547	Loglikelihood: -5.34059e+08	(delta): 1.18241e+09
2 (EM) 	Elapsed: 53.487	Loglikelihood: -5.14792e+08	(delta): 1.92674e+07
3 (EM) 	Elapsed: 49.627	Loglikelihood: -5.11284e+08	(delta): 3.50815e+06
4 (EM) 	Elapsed: 48.453	Loglikelihood: -5.09519e+08	(delta): 1.76503e+06
5 (EM) 	Elapsed: 50.336	Loglikelihood: -5.0858e+08	(delta): 938544
Initial loglikelihood: -5.0858e+08
Starting main algorithm
1 (QN/Block) 	Elapsed: 158.652	Loglikelihood: -5.06186e+08	(delta): 2.3937e+06
2 (QN/Block) 	Elapsed: 155.312	Loglikelihood: -4.93183e+08	(delta): 1.30037e+07
3 (QN/Block) 	Elapsed: 154.594	Loglikelihood: -4.83391e+08	(delta): 9.79205e+06
4 (QN/Block) 	Elapsed: 164.869	Loglikelihood: -4.75894e+08	(delta): 7.49702e+06
5 (QN/Block) 	Elapsed: 166.68	Loglikelihood: -4.73081e+08	(delta): 2.81283e+06
6 (QN/Block) 	Elapsed: 167.661	Loglikelihood: -4.72713e+08	(delta): 368201
7 (QN/Block) 	Elapsed: 172.648	Loglikelihood: -4.72521e+08	(delta): 191760
8 (QN/Block) 	Elapsed: 163.172	Loglikelihood: -4.72488e+08	(delta): 32505.8
9 (QN/Block) 	Elapsed: 169.561	Loglikelihood: -4.72483e+08	(delta): 4954.97
10 (QN/Block) 	Elapsed: 166.241	Loglikelihood: -4.72482e+08	(delta): 1182.33
11 (QN/Block) 	Elapsed: 167.251	Loglikelihood: -4.72482e+08	(delta): 137.426
12 (QN/Block) 	Elapsed: 172.506	Loglikelihood: -4.72482e+08	(delta): 12.3604
13 (QN/Block) 	Elapsed: 164.486	Loglikelihood: -4.72482e+08	(delta): 1.59975
14 (QN/Block) 	Elapsed: 164.017	Loglikelihood: -4.72482e+08	(delta): 0.162578
15 (QN/Block) 	Elapsed: 191.047	Loglikelihood: -4.72482e+08	(delta): 0.0411597
16 (QN/Block) 	Elapsed: 164.82	Loglikelihood: -4.72482e+08	(delta): 0.0129063
17 (QN/Block) 	Elapsed: 167.328	Loglikelihood: -4.72482e+08	(delta): 0.000659466
18 (QN/Block) 	Elapsed: 169.666	Loglikelihood: -4.72482e+08	(delta): 0.000148237
19 (QN/Block) 	Elapsed: 167.432	Loglikelihood: -4.72482e+08	(delta): -5.96046e-08
20 (QN/Block) 	Elapsed: 172.098	Loglikelihood: -4.72482e+08	(delta): 4.47035e-06
Summary: 
Converged in 20 iterations (3637.41 sec)
Loglikelihood: -472482107.237739
Fst divergences between estimated populations: 
	Pop0	
Pop0	
Pop1	0.239	
CV error (K=2): 0.47087
Writing output files.
