****                   ADMIXTURE Version 1.3.0                  ****
****                    Copyright 2008-2015                     ****
****           David Alexander, Suyash Shringarpure,            ****
****                John  Novembre, Ken Lange                   ****
****                                                            ****
****                 Please cite our paper!                     ****
****   Information at www.genetics.ucla.edu/software/admixture  ****

Cross-validation will be performed.  Folds=10.
Parallel execution requested.  Will use 8 threads.
Random seed: 12345
Point estimation method: Block relaxation algorithm
Convergence acceleration algorithm: QuasiNewton, 3 secant conditions
Point estimation will terminate when objective function delta < 0.0001
Estimation of standard errors disabled; will compute point estimates only.
Size of G: 3378x299481
Performing five EM steps to prime main algorithm
1 (EM) 	Elapsed: 312.974	Loglikelihood: -5.52005e+08	(delta): 8.94123e+08
2 (EM) 	Elapsed: 280.711	Loglikelihood: -5.17931e+08	(delta): 3.40737e+07
3 (EM) 	Elapsed: 261.888	Loglikelihood: -5.14357e+08	(delta): 3.57399e+06
4 (EM) 	Elapsed: 260.69	Loglikelihood: -5.12833e+08	(delta): 1.52461e+06
5 (EM) 	Elapsed: 295.06	Loglikelihood: -5.11716e+08	(delta): 1.1165e+06
Initial loglikelihood: -5.11716e+08
Starting main algorithm
1 (QN/Block) 	Elapsed: 711.167	Loglikelihood: -4.53228e+08	(delta): 5.84882e+07
2 (QN/Block) 	Elapsed: 737.122	Loglikelihood: -4.35483e+08	(delta): 1.77454e+07
3 (QN/Block) 	Elapsed: 737.171	Loglikelihood: -4.29378e+08	(delta): 6.10457e+06
4 (QN/Block) 	Elapsed: 730.312	Loglikelihood: -4.26812e+08	(delta): 2.56612e+06
5 (QN/Block) 	Elapsed: 711.218	Loglikelihood: -4.2574e+08	(delta): 1.07177e+06
6 (QN/Block) 	Elapsed: 700.586	Loglikelihood: -4.25129e+08	(delta): 611517
7 (QN/Block) 	Elapsed: 683.991	Loglikelihood: -4.24712e+08	(delta): 416613
8 (QN/Block) 	Elapsed: 713.028	Loglikelihood: -4.24451e+08	(delta): 261096
9 (QN/Block) 	Elapsed: 689.078	Loglikelihood: -4.24269e+08	(delta): 181986
10 (QN/Block) 	Elapsed: 712.836	Loglikelihood: -4.24192e+08	(delta): 76545.9
11 (QN/Block) 	Elapsed: 683.684	Loglikelihood: -4.24167e+08	(delta): 25216.1
12 (QN/Block) 	Elapsed: 711.922	Loglikelihood: -4.24159e+08	(delta): 8401.02
13 (QN/Block) 	Elapsed: 691.916	Loglikelihood: -4.24157e+08	(delta): 2109.2
14 (QN/Block) 	Elapsed: 704.589	Loglikelihood: -4.24156e+08	(delta): 458.464
15 (QN/Block) 	Elapsed: 790.213	Loglikelihood: -4.24156e+08	(delta): 89.0666
16 (QN/Block) 	Elapsed: 831.625	Loglikelihood: -4.24156e+08	(delta): 14.3478
17 (QN/Block) 	Elapsed: 748.86	Loglikelihood: -4.24156e+08	(delta): 2.08547
18 (QN/Block) 	Elapsed: 720.95	Loglikelihood: -4.24156e+08	(delta): 0.354639
19 (QN/Block) 	Elapsed: 700.268	Loglikelihood: -4.24156e+08	(delta): 0.169636
20 (QN/Block) 	Elapsed: 705.236	Loglikelihood: -4.24156e+08	(delta): 0.0233701
21 (QN/Block) 	Elapsed: 750.058	Loglikelihood: -4.24156e+08	(delta): 0.00966883
22 (QN/Block) 	Elapsed: 709.472	Loglikelihood: -4.24156e+08	(delta): 0.00224781
23 (QN/Block) 	Elapsed: 730.613	Loglikelihood: -4.24156e+08	(delta): 0.000621974
24 (QN/Block) 	Elapsed: 739.143	Loglikelihood: -4.24156e+08	(delta): 2.49147e-05
Summary: 
Converged in 24 iterations (18856.9 sec)
Loglikelihood: -424156128.331322
Fst divergences between estimated populations: 
	Pop0	Pop1	Pop2	Pop3	Pop4	Pop5	Pop6	Pop7	Pop8	Pop9	Pop10	Pop11	
Pop0	
Pop1	0.428	
Pop2	0.385	0.406	
Pop3	0.384	0.416	0.197	
Pop4	0.345	0.409	0.352	0.347	
Pop5	0.231	0.327	0.331	0.325	0.221	
Pop6	0.272	0.340	0.215	0.209	0.249	0.206	
Pop7	0.221	0.250	0.261	0.254	0.200	0.114	0.172	
Pop8	0.219	0.297	0.311	0.304	0.184	0.069	0.183	0.075	
Pop9	0.248	0.319	0.290	0.280	0.138	0.123	0.162	0.111	0.079	
Pop10	0.219	0.287	0.306	0.297	0.210	0.100	0.187	0.068	0.056	0.111	
Pop11	0.660	0.692	0.558	0.576	0.626	0.546	0.515	0.455	0.517	0.523	0.507	
Pop12	0.354	0.415	0.385	0.378	0.352	0.255	0.292	0.194	0.231	0.262	0.201	0.641	
CV error (K=13): 0.42850
Writing output files.
