****                   ADMIXTURE Version 1.3.0                  ****
****                    Copyright 2008-2015                     ****
****           David Alexander, Suyash Shringarpure,            ****
****                John  Novembre, Ken Lange                   ****
****                                                            ****
****                 Please cite our paper!                     ****
****   Information at www.genetics.ucla.edu/software/admixture  ****

Cross-validation will be performed.  Folds=10.
Parallel execution requested.  Will use 8 threads.
Random seed: 12345
Point estimation method: Block relaxation algorithm
Convergence acceleration algorithm: QuasiNewton, 3 secant conditions
Point estimation will terminate when objective function delta < 0.0001
Estimation of standard errors disabled; will compute point estimates only.
Size of G: 3378x299481
Performing five EM steps to prime main algorithm
1 (EM) 	Elapsed: 399.593	Loglikelihood: -5.51543e+08	(delta): 8.82661e+08
2 (EM) 	Elapsed: 358.567	Loglikelihood: -5.16815e+08	(delta): 3.47281e+07
3 (EM) 	Elapsed: 389.429	Loglikelihood: -5.13507e+08	(delta): 3.30821e+06
4 (EM) 	Elapsed: 401.694	Loglikelihood: -5.12192e+08	(delta): 1.31527e+06
5 (EM) 	Elapsed: 380.509	Loglikelihood: -5.11221e+08	(delta): 970929
Initial loglikelihood: -5.11221e+08
Starting main algorithm
1 (QN/Block) 	Elapsed: 886.823	Loglikelihood: -4.51638e+08	(delta): 5.95822e+07
2 (QN/Block) 	Elapsed: 856.097	Loglikelihood: -4.33058e+08	(delta): 1.85802e+07
3 (QN/Block) 	Elapsed: 846.717	Loglikelihood: -4.25399e+08	(delta): 7.65892e+06
4 (QN/Block) 	Elapsed: 899.185	Loglikelihood: -4.22242e+08	(delta): 3.15741e+06
5 (QN/Block) 	Elapsed: 906.548	Loglikelihood: -4.21131e+08	(delta): 1.11099e+06
6 (QN/Block) 	Elapsed: 873.999	Loglikelihood: -4.2064e+08	(delta): 491182
7 (QN/Block) 	Elapsed: 893.919	Loglikelihood: -4.2032e+08	(delta): 319591
8 (QN/Block) 	Elapsed: 911.871	Loglikelihood: -4.20082e+08	(delta): 238340
9 (QN/Block) 	Elapsed: 874.11	Loglikelihood: -4.19733e+08	(delta): 349049
10 (QN/Block) 	Elapsed: 852.348	Loglikelihood: -4.19356e+08	(delta): 376590
11 (QN/Block) 	Elapsed: 919.794	Loglikelihood: -4.19115e+08	(delta): 241342
12 (QN/Block) 	Elapsed: 941.004	Loglikelihood: -4.18844e+08	(delta): 270756
13 (QN/Block) 	Elapsed: 931.543	Loglikelihood: -4.18767e+08	(delta): 76751.8
14 (QN/Block) 	Elapsed: 838.633	Loglikelihood: -4.18718e+08	(delta): 49216.5
15 (QN/Block) 	Elapsed: 862.82	Loglikelihood: -4.18698e+08	(delta): 20549
16 (QN/Block) 	Elapsed: 867.608	Loglikelihood: -4.1869e+08	(delta): 7538.05
17 (QN/Block) 	Elapsed: 853.563	Loglikelihood: -4.18688e+08	(delta): 2349.89
18 (QN/Block) 	Elapsed: 892.278	Loglikelihood: -4.18687e+08	(delta): 729.318
19 (QN/Block) 	Elapsed: 870.94	Loglikelihood: -4.18687e+08	(delta): 237.591
20 (QN/Block) 	Elapsed: 875.754	Loglikelihood: -4.18686e+08	(delta): 419.588
21 (QN/Block) 	Elapsed: 884.057	Loglikelihood: -4.18686e+08	(delta): 196.7
22 (QN/Block) 	Elapsed: 935.721	Loglikelihood: -4.18686e+08	(delta): 48.1531
23 (QN/Block) 	Elapsed: 911.932	Loglikelihood: -4.18686e+08	(delta): 12.6271
24 (QN/Block) 	Elapsed: 900.827	Loglikelihood: -4.18686e+08	(delta): 3.01946
25 (QN/Block) 	Elapsed: 907.152	Loglikelihood: -4.18686e+08	(delta): 2.38526
26 (QN/Block) 	Elapsed: 884.831	Loglikelihood: -4.18686e+08	(delta): 0.453038
27 (QN/Block) 	Elapsed: 808.173	Loglikelihood: -4.18686e+08	(delta): 0.177641
28 (QN/Block) 	Elapsed: 805.137	Loglikelihood: -4.18686e+08	(delta): 0.0466171
29 (QN/Block) 	Elapsed: 827.275	Loglikelihood: -4.18686e+08	(delta): 0.0239683
30 (QN/Block) 	Elapsed: 868.887	Loglikelihood: -4.18686e+08	(delta): 0.00237608
31 (QN/Block) 	Elapsed: 837.841	Loglikelihood: -4.18686e+08	(delta): 0.000139892
32 (QN/Block) 	Elapsed: 860.581	Loglikelihood: -4.18686e+08	(delta): 2.65241e-05
Summary: 
Converged in 32 iterations (30176.6 sec)
Loglikelihood: -418685999.062164
Fst divergences between estimated populations: 
	Pop0	Pop1	Pop2	Pop3	Pop4	Pop5	Pop6	Pop7	Pop8	Pop9	Pop10	Pop11	Pop12	Pop13	Pop14	Pop15	
Pop0	
Pop1	0.379	
Pop2	0.243	0.288	
Pop3	0.283	0.348	0.124	
Pop4	0.298	0.417	0.298	0.337	
Pop5	0.574	0.693	0.507	0.564	0.577	
Pop6	0.285	0.412	0.310	0.346	0.198	0.565	
Pop7	0.565	0.672	0.448	0.513	0.573	0.989	0.567	
Pop8	0.261	0.348	0.195	0.230	0.206	0.525	0.207	0.497	
Pop9	0.252	0.315	0.110	0.147	0.278	0.520	0.289	0.463	0.157	
Pop10	0.198	0.251	0.070	0.133	0.256	0.456	0.266	0.433	0.179	0.114	
Pop11	0.308	0.387	0.226	0.260	0.296	0.565	0.291	0.538	0.156	0.212	0.215	
Pop12	0.380	0.470	0.275	0.304	0.396	0.698	0.400	0.663	0.307	0.214	0.262	0.359	
Pop13	0.347	0.416	0.202	0.272	0.379	0.641	0.390	0.611	0.301	0.265	0.195	0.326	0.418	
Pop14	0.267	0.343	0.136	0.160	0.299	0.549	0.310	0.502	0.194	0.067	0.132	0.244	0.212	0.280	
Pop15	0.244	0.299	0.058	0.095	0.306	0.518	0.318	0.453	0.193	0.082	0.077	0.230	0.252	0.232	0.105	
Pop16	0.303	0.356	0.138	0.131	0.353	0.588	0.361	0.518	0.244	0.157	0.152	0.272	0.323	0.292	0.179	0.111	
CV error (K=17): 0.42505
Writing output files.
