****                   ADMIXTURE Version 1.3.0                  ****
****                    Copyright 2008-2015                     ****
****           David Alexander, Suyash Shringarpure,            ****
****                John  Novembre, Ken Lange                   ****
****                                                            ****
****                 Please cite our paper!                     ****
****   Information at www.genetics.ucla.edu/software/admixture  ****

Cross-validation will be performed.  Folds=10.
Parallel execution requested.  Will use 8 threads.
Random seed: 12345
Point estimation method: Block relaxation algorithm
Convergence acceleration algorithm: QuasiNewton, 3 secant conditions
Point estimation will terminate when objective function delta < 0.0001
Estimation of standard errors disabled; will compute point estimates only.
Size of G: 3378x299481
Performing five EM steps to prime main algorithm
1 (EM) 	Elapsed: 557.836	Loglikelihood: -5.51175e+08	(delta): 8.77182e+08
2 (EM) 	Elapsed: 554.619	Loglikelihood: -5.1616e+08	(delta): 3.50149e+07
3 (EM) 	Elapsed: 543.501	Loglikelihood: -5.12995e+08	(delta): 3.16505e+06
4 (EM) 	Elapsed: 547.009	Loglikelihood: -5.11788e+08	(delta): 1.20642e+06
5 (EM) 	Elapsed: 535.04	Loglikelihood: -5.10894e+08	(delta): 894340
Initial loglikelihood: -5.10894e+08
Starting main algorithm
1 (QN/Block) 	Elapsed: 1038.76	Loglikelihood: -4.48832e+08	(delta): 6.20622e+07
2 (QN/Block) 	Elapsed: 1005.3	Loglikelihood: -4.31252e+08	(delta): 1.75803e+07
3 (QN/Block) 	Elapsed: 998.187	Loglikelihood: -4.24325e+08	(delta): 6.92612e+06
4 (QN/Block) 	Elapsed: 1012.2	Loglikelihood: -4.1981e+08	(delta): 4.51515e+06
5 (QN/Block) 	Elapsed: 999.727	Loglikelihood: -4.17831e+08	(delta): 1.97905e+06
6 (QN/Block) 	Elapsed: 1001.66	Loglikelihood: -4.1681e+08	(delta): 1.02124e+06
7 (QN/Block) 	Elapsed: 1020.32	Loglikelihood: -4.16403e+08	(delta): 407184
8 (QN/Block) 	Elapsed: 1000.64	Loglikelihood: -4.16205e+08	(delta): 198038
9 (QN/Block) 	Elapsed: 1044.16	Loglikelihood: -4.16023e+08	(delta): 181834
10 (QN/Block) 	Elapsed: 1056.96	Loglikelihood: -4.15865e+08	(delta): 157869
11 (QN/Block) 	Elapsed: 1007.63	Loglikelihood: -4.15747e+08	(delta): 118235
12 (QN/Block) 	Elapsed: 997.406	Loglikelihood: -4.15697e+08	(delta): 49714.1
13 (QN/Block) 	Elapsed: 965.7	Loglikelihood: -4.15671e+08	(delta): 25964.3
14 (QN/Block) 	Elapsed: 979.348	Loglikelihood: -4.15651e+08	(delta): 20452.4
15 (QN/Block) 	Elapsed: 984.607	Loglikelihood: -4.15622e+08	(delta): 28561.6
16 (QN/Block) 	Elapsed: 964.653	Loglikelihood: -4.15603e+08	(delta): 18972.9
17 (QN/Block) 	Elapsed: 988.831	Loglikelihood: -4.15591e+08	(delta): 12008.4
18 (QN/Block) 	Elapsed: 1013.6	Loglikelihood: -4.15582e+08	(delta): 9589.61
19 (QN/Block) 	Elapsed: 999.631	Loglikelihood: -4.15571e+08	(delta): 10327.8
20 (QN/Block) 	Elapsed: 1056.15	Loglikelihood: -4.15558e+08	(delta): 13528.4
21 (QN/Block) 	Elapsed: 1049.01	Loglikelihood: -4.15542e+08	(delta): 15761.1
22 (QN/Block) 	Elapsed: 1034.61	Loglikelihood: -4.1552e+08	(delta): 22062.2
23 (QN/Block) 	Elapsed: 1019.39	Loglikelihood: -4.15517e+08	(delta): 2910.32
24 (QN/Block) 	Elapsed: 1005.72	Loglikelihood: -4.15516e+08	(delta): 966.91
25 (QN/Block) 	Elapsed: 1005.14	Loglikelihood: -4.15516e+08	(delta): 414.081
26 (QN/Block) 	Elapsed: 999.604	Loglikelihood: -4.15515e+08	(delta): 277.79
27 (QN/Block) 	Elapsed: 986.545	Loglikelihood: -4.15515e+08	(delta): 191.253
28 (QN/Block) 	Elapsed: 938.821	Loglikelihood: -4.15515e+08	(delta): 154.254
29 (QN/Block) 	Elapsed: 994.401	Loglikelihood: -4.15515e+08	(delta): 207.019
30 (QN/Block) 	Elapsed: 989.14	Loglikelihood: -4.15515e+08	(delta): 178.786
31 (QN/Block) 	Elapsed: 946.92	Loglikelihood: -4.15514e+08	(delta): 200.485
32 (QN/Block) 	Elapsed: 973.649	Loglikelihood: -4.15514e+08	(delta): 264.121
33 (QN/Block) 	Elapsed: 936.032	Loglikelihood: -4.15514e+08	(delta): 375.806
34 (QN/Block) 	Elapsed: 974.144	Loglikelihood: -4.15513e+08	(delta): 453.539
35 (QN/Block) 	Elapsed: 964.629	Loglikelihood: -4.15513e+08	(delta): 522.909
36 (QN/Block) 	Elapsed: 967.494	Loglikelihood: -4.15512e+08	(delta): 744.279
37 (QN/Block) 	Elapsed: 1004.33	Loglikelihood: -4.15511e+08	(delta): 927.465
38 (QN/Block) 	Elapsed: 991.431	Loglikelihood: -4.1551e+08	(delta): 1106.21
39 (QN/Block) 	Elapsed: 982.195	Loglikelihood: -4.15509e+08	(delta): 1242.15
40 (QN/Block) 	Elapsed: 980.151	Loglikelihood: -4.15507e+08	(delta): 1501.41
41 (QN/Block) 	Elapsed: 969.585	Loglikelihood: -4.15499e+08	(delta): 8019.81
42 (QN/Block) 	Elapsed: 974.005	Loglikelihood: -4.15491e+08	(delta): 8260.11
43 (QN/Block) 	Elapsed: 990.316	Loglikelihood: -4.15482e+08	(delta): 9325.33
44 (QN/Block) 	Elapsed: 969.243	Loglikelihood: -4.15475e+08	(delta): 6767.71
45 (QN/Block) 	Elapsed: 950.594	Loglikelihood: -4.1547e+08	(delta): 5151.05
46 (QN/Block) 	Elapsed: 973.466	Loglikelihood: -4.15465e+08	(delta): 4723.42
47 (QN/Block) 	Elapsed: 982.466	Loglikelihood: -4.15459e+08	(delta): 6399.66
48 (QN/Block) 	Elapsed: 983.127	Loglikelihood: -4.15449e+08	(delta): 9811.36
49 (QN/Block) 	Elapsed: 997.4	Loglikelihood: -4.15441e+08	(delta): 7771.04
50 (QN/Block) 	Elapsed: 997.891	Loglikelihood: -4.15436e+08	(delta): 5172.53
51 (QN/Block) 	Elapsed: 973.107	Loglikelihood: -4.1543e+08	(delta): 6126.57
52 (QN/Block) 	Elapsed: 961.254	Loglikelihood: -4.15428e+08	(delta): 1594.8
53 (QN/Block) 	Elapsed: 949.893	Loglikelihood: -4.15427e+08	(delta): 1074.02
54 (QN/Block) 	Elapsed: 951.183	Loglikelihood: -4.15426e+08	(delta): 714.915
55 (QN/Block) 	Elapsed: 912.282	Loglikelihood: -4.15426e+08	(delta): 643.461
56 (QN/Block) 	Elapsed: 910.719	Loglikelihood: -4.15425e+08	(delta): 644.44
57 (QN/Block) 	Elapsed: 904.739	Loglikelihood: -4.15424e+08	(delta): 1279.55
58 (QN/Block) 	Elapsed: 906.447	Loglikelihood: -4.15423e+08	(delta): 1037.85
59 (QN/Block) 	Elapsed: 931.361	Loglikelihood: -4.1542e+08	(delta): 2700.03
60 (QN/Block) 	Elapsed: 880.551	Loglikelihood: -4.15419e+08	(delta): 927.548
61 (QN/Block) 	Elapsed: 913.451	Loglikelihood: -4.15419e+08	(delta): 315.077
62 (QN/Block) 	Elapsed: 895.062	Loglikelihood: -4.15419e+08	(delta): 115.413
63 (QN/Block) 	Elapsed: 867.977	Loglikelihood: -4.15419e+08	(delta): 53.4944
64 (QN/Block) 	Elapsed: 873.701	Loglikelihood: -4.15419e+08	(delta): 32.6231
65 (QN/Block) 	Elapsed: 912.84	Loglikelihood: -4.15419e+08	(delta): 29.2989
66 (QN/Block) 	Elapsed: 892.772	Loglikelihood: -4.15418e+08	(delta): 20.4981
67 (QN/Block) 	Elapsed: 909.059	Loglikelihood: -4.15418e+08	(delta): 13.119
68 (QN/Block) 	Elapsed: 903.461	Loglikelihood: -4.15418e+08	(delta): 9.75631
69 (QN/Block) 	Elapsed: 910.088	Loglikelihood: -4.15418e+08	(delta): 7.83877
70 (QN/Block) 	Elapsed: 872.056	Loglikelihood: -4.15418e+08	(delta): 7.79949
71 (QN/Block) 	Elapsed: 862.676	Loglikelihood: -4.15418e+08	(delta): 3.75174
72 (QN/Block) 	Elapsed: 905.594	Loglikelihood: -4.15418e+08	(delta): 3.84742
73 (QN/Block) 	Elapsed: 896.131	Loglikelihood: -4.15418e+08	(delta): 2.67661
74 (QN/Block) 	Elapsed: 915.007	Loglikelihood: -4.15418e+08	(delta): 2.85094
75 (QN/Block) 	Elapsed: 932.1	Loglikelihood: -4.15418e+08	(delta): 1.11766
76 (QN/Block) 	Elapsed: 931.341	Loglikelihood: -4.15418e+08	(delta): 0.865357
77 (QN/Block) 	Elapsed: 946.505	Loglikelihood: -4.15418e+08	(delta): 0.350341
78 (QN/Block) 	Elapsed: 929.677	Loglikelihood: -4.15418e+08	(delta): 0.574638
79 (QN/Block) 	Elapsed: 897.424	Loglikelihood: -4.15418e+08	(delta): 0.156694
80 (QN/Block) 	Elapsed: 880.962	Loglikelihood: -4.15418e+08	(delta): 0.496493
81 (QN/Block) 	Elapsed: 862.317	Loglikelihood: -4.15418e+08	(delta): 0.181782
82 (QN/Block) 	Elapsed: 912.09	Loglikelihood: -4.15418e+08	(delta): 0.0750424
83 (QN/Block) 	Elapsed: 943.956	Loglikelihood: -4.15418e+08	(delta): 0.0102603
84 (QN/Block) 	Elapsed: 888.548	Loglikelihood: -4.15418e+08	(delta): 0.00956178
85 (QN/Block) 	Elapsed: 926.215	Loglikelihood: -4.15418e+08	(delta): 0.00171703
86 (QN/Block) 	Elapsed: 952.613	Loglikelihood: -4.15418e+08	(delta): 0.000169992
87 (QN/Block) 	Elapsed: 924.579	Loglikelihood: -4.15418e+08	(delta): 0.000106037
88 (QN/Block) 	Elapsed: 955.047	Loglikelihood: -4.15418e+08	(delta): 4.49419e-05
Summary: 
Converged in 88 iterations (87525.8 sec)
Loglikelihood: -415418440.969717
Fst divergences between estimated populations: 
	Pop0	Pop1	Pop2	Pop3	Pop4	Pop5	Pop6	Pop7	Pop8	Pop9	Pop10	Pop11	Pop12	Pop13	Pop14	Pop15	Pop16	Pop17	Pop18	
Pop0	
Pop1	0.683	
Pop2	0.565	0.397	
Pop3	0.581	0.318	0.358	
Pop4	0.513	0.290	0.319	0.129	
Pop5	0.551	0.322	0.312	0.177	0.135	
Pop6	0.989	0.657	0.568	0.512	0.456	0.504	
Pop7	0.578	0.395	0.195	0.349	0.306	0.301	0.574	
Pop8	0.521	0.292	0.316	0.104	0.058	0.106	0.453	0.306	
Pop9	0.517	0.297	0.287	0.148	0.107	0.066	0.459	0.276	0.076	
Pop10	0.564	0.334	0.279	0.278	0.241	0.250	0.539	0.287	0.236	0.211	
Pop11	0.654	0.401	0.397	0.299	0.216	0.294	0.625	0.388	0.254	0.274	0.346	
Pop12	0.699	0.453	0.401	0.319	0.275	0.214	0.663	0.397	0.251	0.212	0.360	0.430	
Pop13	0.587	0.323	0.360	0.149	0.134	0.176	0.536	0.352	0.112	0.159	0.286	0.305	0.320	
Pop14	0.456	0.274	0.266	0.148	0.069	0.134	0.433	0.256	0.085	0.112	0.221	0.209	0.263	0.151	
Pop15	0.575	0.387	0.284	0.298	0.244	0.268	0.565	0.299	0.246	0.248	0.307	0.358	0.381	0.299	0.198	
Pop16	0.744	0.484	0.432	0.364	0.315	0.285	0.712	0.428	0.301	0.258	0.386	0.468	0.429	0.368	0.303	0.421	
Pop17	0.693	0.471	0.413	0.351	0.293	0.345	0.673	0.418	0.301	0.312	0.389	0.428	0.471	0.366	0.252	0.380	0.511	
Pop18	0.533	0.307	0.321	0.154	0.084	0.157	0.472	0.312	0.090	0.128	0.253	0.246	0.291	0.164	0.101	0.261	0.338	0.309	
Pop19	0.523	0.300	0.209	0.237	0.201	0.194	0.495	0.206	0.186	0.151	0.143	0.308	0.306	0.243	0.177	0.260	0.330	0.347	0.208	
