****                   ADMIXTURE Version 1.3.0                  ****
****                    Copyright 2008-2015                     ****
****           David Alexander, Suyash Shringarpure,            ****
****                John  Novembre, Ken Lange                   ****
****                                                            ****
****                 Please cite our paper!                     ****
****   Information at www.genetics.ucla.edu/software/admixture  ****

Cross-validation will be performed.  Folds=10.
Parallel execution requested.  Will use 8 threads.
Random seed: 12345
Point estimation method: Block relaxation algorithm
Convergence acceleration algorithm: QuasiNewton, 3 secant conditions
Point estimation will terminate when objective function delta < 0.0001
Estimation of standard errors disabled; will compute point estimates only.
Size of G: 3378x299481
Performing five EM steps to prime main algorithm
1 (EM) 	Elapsed: 546.491	Loglikelihood: -5.51291e+08	(delta): 8.78874e+08
2 (EM) 	Elapsed: 530.816	Loglikelihood: -5.16381e+08	(delta): 3.49105e+07
3 (EM) 	Elapsed: 500.47	Loglikelihood: -5.13177e+08	(delta): 3.20345e+06
4 (EM) 	Elapsed: 554.869	Loglikelihood: -5.11943e+08	(delta): 1.23395e+06
5 (EM) 	Elapsed: 523.339	Loglikelihood: -5.11032e+08	(delta): 910716
Initial loglikelihood: -5.11032e+08
Starting main algorithm
1 (QN/Block) 	Elapsed: 972.391	Loglikelihood: -4.50296e+08	(delta): 6.07361e+07
2 (QN/Block) 	Elapsed: 992.84	Loglikelihood: -4.32388e+08	(delta): 1.79083e+07
3 (QN/Block) 	Elapsed: 1003.87	Loglikelihood: -4.2498e+08	(delta): 7.40773e+06
4 (QN/Block) 	Elapsed: 1027	Loglikelihood: -4.212e+08	(delta): 3.7803e+06
5 (QN/Block) 	Elapsed: 1028	Loglikelihood: -4.1924e+08	(delta): 1.95972e+06
6 (QN/Block) 	Elapsed: 970.181	Loglikelihood: -4.18452e+08	(delta): 788312
7 (QN/Block) 	Elapsed: 949.193	Loglikelihood: -4.18065e+08	(delta): 387175
8 (QN/Block) 	Elapsed: 1003.71	Loglikelihood: -4.17653e+08	(delta): 411808
9 (QN/Block) 	Elapsed: 1064.76	Loglikelihood: -4.17234e+08	(delta): 419169
10 (QN/Block) 	Elapsed: 1049.48	Loglikelihood: -4.1697e+08	(delta): 263726
11 (QN/Block) 	Elapsed: 1019.31	Loglikelihood: -4.16839e+08	(delta): 130961
12 (QN/Block) 	Elapsed: 995.298	Loglikelihood: -4.16787e+08	(delta): 51956.3
13 (QN/Block) 	Elapsed: 996.033	Loglikelihood: -4.1676e+08	(delta): 27627.6
14 (QN/Block) 	Elapsed: 996.246	Loglikelihood: -4.16749e+08	(delta): 10062
15 (QN/Block) 	Elapsed: 988.162	Loglikelihood: -4.16744e+08	(delta): 5294.5
16 (QN/Block) 	Elapsed: 931.557	Loglikelihood: -4.16741e+08	(delta): 3120.36
17 (QN/Block) 	Elapsed: 981.248	Loglikelihood: -4.16737e+08	(delta): 3893.95
18 (QN/Block) 	Elapsed: 1016.19	Loglikelihood: -4.16733e+08	(delta): 4159.92
19 (QN/Block) 	Elapsed: 998.171	Loglikelihood: -4.16727e+08	(delta): 5706.76
20 (QN/Block) 	Elapsed: 1017.2	Loglikelihood: -4.16724e+08	(delta): 3726.09
21 (QN/Block) 	Elapsed: 999.799	Loglikelihood: -4.16721e+08	(delta): 2254.16
22 (QN/Block) 	Elapsed: 961.087	Loglikelihood: -4.1672e+08	(delta): 1053.64
23 (QN/Block) 	Elapsed: 948.672	Loglikelihood: -4.1672e+08	(delta): 270.91
24 (QN/Block) 	Elapsed: 1029.22	Loglikelihood: -4.1672e+08	(delta): 198.346
25 (QN/Block) 	Elapsed: 948.684	Loglikelihood: -4.1672e+08	(delta): 208.477
26 (QN/Block) 	Elapsed: 986.201	Loglikelihood: -4.16719e+08	(delta): 168.837
27 (QN/Block) 	Elapsed: 1067.9	Loglikelihood: -4.16719e+08	(delta): 184.995
28 (QN/Block) 	Elapsed: 997.143	Loglikelihood: -4.16719e+08	(delta): 140.446
29 (QN/Block) 	Elapsed: 948.37	Loglikelihood: -4.16719e+08	(delta): 143.722
30 (QN/Block) 	Elapsed: 977.969	Loglikelihood: -4.16719e+08	(delta): 119.041
31 (QN/Block) 	Elapsed: 983.141	Loglikelihood: -4.16719e+08	(delta): 141.428
32 (QN/Block) 	Elapsed: 1010.98	Loglikelihood: -4.16719e+08	(delta): 125.835
33 (QN/Block) 	Elapsed: 1009.58	Loglikelihood: -4.16718e+08	(delta): 163.852
34 (QN/Block) 	Elapsed: 985.622	Loglikelihood: -4.16718e+08	(delta): 147.888
35 (QN/Block) 	Elapsed: 966.318	Loglikelihood: -4.16718e+08	(delta): 140.291
36 (QN/Block) 	Elapsed: 942.266	Loglikelihood: -4.16718e+08	(delta): 74.0347
37 (QN/Block) 	Elapsed: 969.982	Loglikelihood: -4.16718e+08	(delta): 127.824
38 (QN/Block) 	Elapsed: 984.565	Loglikelihood: -4.16718e+08	(delta): 132.547
39 (QN/Block) 	Elapsed: 1008.67	Loglikelihood: -4.16718e+08	(delta): 97.2113
40 (QN/Block) 	Elapsed: 974.902	Loglikelihood: -4.16718e+08	(delta): 35.0846
41 (QN/Block) 	Elapsed: 943.415	Loglikelihood: -4.16718e+08	(delta): 93.5888
42 (QN/Block) 	Elapsed: 972.746	Loglikelihood: -4.16717e+08	(delta): 84.4666
43 (QN/Block) 	Elapsed: 942.268	Loglikelihood: -4.16717e+08	(delta): 49.6525
44 (QN/Block) 	Elapsed: 957.551	Loglikelihood: -4.16717e+08	(delta): 27.3205
45 (QN/Block) 	Elapsed: 958.383	Loglikelihood: -4.16717e+08	(delta): 51.1992
46 (QN/Block) 	Elapsed: 935.472	Loglikelihood: -4.16717e+08	(delta): 49.4858
47 (QN/Block) 	Elapsed: 945.945	Loglikelihood: -4.16717e+08	(delta): 42.7371
48 (QN/Block) 	Elapsed: 960.918	Loglikelihood: -4.16717e+08	(delta): 18.0121
49 (QN/Block) 	Elapsed: 942.521	Loglikelihood: -4.16717e+08	(delta): 24.5205
50 (QN/Block) 	Elapsed: 930.044	Loglikelihood: -4.16717e+08	(delta): 53.1225
51 (QN/Block) 	Elapsed: 923.333	Loglikelihood: -4.16717e+08	(delta): 27.381
52 (QN/Block) 	Elapsed: 917.964	Loglikelihood: -4.16717e+08	(delta): 29.3697
53 (QN/Block) 	Elapsed: 947.91	Loglikelihood: -4.16717e+08	(delta): 51.9659
54 (QN/Block) 	Elapsed: 908.532	Loglikelihood: -4.16717e+08	(delta): 74.5144
55 (QN/Block) 	Elapsed: 917.535	Loglikelihood: -4.16717e+08	(delta): 113.683
56 (QN/Block) 	Elapsed: 963.028	Loglikelihood: -4.16717e+08	(delta): 125.256
57 (QN/Block) 	Elapsed: 952.41	Loglikelihood: -4.16717e+08	(delta): 198.726
58 (QN/Block) 	Elapsed: 891.876	Loglikelihood: -4.16716e+08	(delta): 262.941
59 (QN/Block) 	Elapsed: 892.213	Loglikelihood: -4.16716e+08	(delta): 335.466
60 (QN/Block) 	Elapsed: 916.074	Loglikelihood: -4.16716e+08	(delta): 268.832
61 (QN/Block) 	Elapsed: 935.731	Loglikelihood: -4.16714e+08	(delta): 1376.33
62 (QN/Block) 	Elapsed: 961.883	Loglikelihood: -4.16713e+08	(delta): 1456.88
63 (QN/Block) 	Elapsed: 942.211	Loglikelihood: -4.16711e+08	(delta): 1531.86
64 (QN/Block) 	Elapsed: 949.196	Loglikelihood: -4.16709e+08	(delta): 2171.69
65 (QN/Block) 	Elapsed: 942.076	Loglikelihood: -4.16705e+08	(delta): 3957.8
66 (QN/Block) 	Elapsed: 904.317	Loglikelihood: -4.16702e+08	(delta): 3514.64
67 (QN/Block) 	Elapsed: 945.34	Loglikelihood: -4.16698e+08	(delta): 3897.65
68 (QN/Block) 	Elapsed: 901.355	Loglikelihood: -4.16696e+08	(delta): 1985.09
69 (QN/Block) 	Elapsed: 932.063	Loglikelihood: -4.16694e+08	(delta): 1247.62
70 (QN/Block) 	Elapsed: 949.666	Loglikelihood: -4.16689e+08	(delta): 5146.45
71 (QN/Block) 	Elapsed: 954.911	Loglikelihood: -4.16688e+08	(delta): 1052.24
72 (QN/Block) 	Elapsed: 940.555	Loglikelihood: -4.16688e+08	(delta): 346.453
73 (QN/Block) 	Elapsed: 939.458	Loglikelihood: -4.16688e+08	(delta): 121.011
74 (QN/Block) 	Elapsed: 941.462	Loglikelihood: -4.16688e+08	(delta): 65.2324
75 (QN/Block) 	Elapsed: 902.208	Loglikelihood: -4.16688e+08	(delta): 157
76 (QN/Block) 	Elapsed: 899.69	Loglikelihood: -4.16688e+08	(delta): 52.8312
77 (QN/Block) 	Elapsed: 905.116	Loglikelihood: -4.16688e+08	(delta): 13.7667
78 (QN/Block) 	Elapsed: 882.883	Loglikelihood: -4.16688e+08	(delta): 2.8992
79 (QN/Block) 	Elapsed: 895.202	Loglikelihood: -4.16688e+08	(delta): 0.24386
80 (QN/Block) 	Elapsed: 906.499	Loglikelihood: -4.16688e+08	(delta): 0.112117
81 (QN/Block) 	Elapsed: 900.191	Loglikelihood: -4.16688e+08	(delta): 0.0688408
82 (QN/Block) 	Elapsed: 902.55	Loglikelihood: -4.16688e+08	(delta): 0.0414609
83 (QN/Block) 	Elapsed: 890.253	Loglikelihood: -4.16688e+08	(delta): 0.0217933
84 (QN/Block) 	Elapsed: 873.979	Loglikelihood: -4.16688e+08	(delta): 0.00980484
85 (QN/Block) 	Elapsed: 896.002	Loglikelihood: -4.16688e+08	(delta): 0.00219792
86 (QN/Block) 	Elapsed: 921.646	Loglikelihood: -4.16688e+08	(delta): 0.000419796
87 (QN/Block) 	Elapsed: 894.692	Loglikelihood: -4.16688e+08	(delta): 2.83718e-05
Summary: 
Converged in 87 iterations (86301.4 sec)
Loglikelihood: -416687534.890247
Fst divergences between estimated populations: 
	Pop0	Pop1	Pop2	Pop3	Pop4	Pop5	Pop6	Pop7	Pop8	Pop9	Pop10	Pop11	Pop12	Pop13	Pop14	Pop15	Pop16	Pop17	
Pop0	
Pop1	0.422	
Pop2	0.285	0.294	
Pop3	0.349	0.418	0.242	
Pop4	0.307	0.300	0.116	0.210	
Pop5	0.389	0.437	0.249	0.368	0.217	
Pop6	0.577	0.704	0.502	0.628	0.514	0.657	
Pop7	0.198	0.418	0.291	0.358	0.320	0.399	0.565	
Pop8	0.304	0.306	0.132	0.184	0.057	0.256	0.519	0.314	
Pop9	0.297	0.392	0.250	0.307	0.231	0.338	0.565	0.292	0.227	
Pop10	0.356	0.366	0.199	0.263	0.137	0.310	0.592	0.365	0.114	0.275	
Pop11	0.297	0.296	0.120	0.240	0.114	0.261	0.509	0.305	0.121	0.253	0.192	
Pop12	0.205	0.353	0.212	0.256	0.202	0.312	0.525	0.208	0.186	0.156	0.247	0.216	
Pop13	0.255	0.261	0.082	0.208	0.072	0.214	0.459	0.266	0.089	0.215	0.161	0.084	0.179	
Pop14	0.336	0.353	0.176	0.237	0.113	0.286	0.564	0.346	0.095	0.259	0.135	0.167	0.229	0.137	
Pop15	0.283	0.327	0.158	0.140	0.110	0.277	0.524	0.295	0.080	0.221	0.164	0.152	0.169	0.117	0.143	
Pop16	0.573	0.683	0.481	0.587	0.455	0.628	0.989	0.568	0.452	0.539	0.523	0.484	0.497	0.436	0.512	0.473	
Pop17	0.312	0.314	0.143	0.229	0.083	0.247	0.533	0.321	0.090	0.245	0.164	0.140	0.209	0.102	0.146	0.136	0.472	
Pop18	0.298	0.388	0.237	0.329	0.247	0.361	0.577	0.285	0.248	0.310	0.309	0.224	0.263	0.203	0.285	0.254	0.567	0.263	
