****                   ADMIXTURE Version 1.3.0                  ****
****                    Copyright 2008-2015                     ****
****           David Alexander, Suyash Shringarpure,            ****
****                John  Novembre, Ken Lange                   ****
****                                                            ****
****                 Please cite our paper!                     ****
****   Information at www.genetics.ucla.edu/software/admixture  ****

Cross-validation will be performed.  Folds=10.
Parallel execution requested.  Will use 8 threads.
Random seed: 12345
Point estimation method: Block relaxation algorithm
Convergence acceleration algorithm: QuasiNewton, 3 secant conditions
Point estimation will terminate when objective function delta < 0.0001
Estimation of standard errors disabled; will compute point estimates only.
Size of G: 3378x299481
Performing five EM steps to prime main algorithm
1 (EM) 	Elapsed: 230.178	Loglikelihood: -5.52403e+08	(delta): 9.08788e+08
2 (EM) 	Elapsed: 224.596	Loglikelihood: -5.19059e+08	(delta): 3.33443e+07
3 (EM) 	Elapsed: 216.775	Loglikelihood: -5.15192e+08	(delta): 3.86693e+06
4 (EM) 	Elapsed: 195.261	Loglikelihood: -5.13454e+08	(delta): 1.7378e+06
5 (EM) 	Elapsed: 201.393	Loglikelihood: -5.12207e+08	(delta): 1.24729e+06
Initial loglikelihood: -5.12207e+08
Starting main algorithm
1 (QN/Block) 	Elapsed: 638.815	Loglikelihood: -4.59821e+08	(delta): 5.23861e+07
2 (QN/Block) 	Elapsed: 637.674	Loglikelihood: -4.43652e+08	(delta): 1.61685e+07
3 (QN/Block) 	Elapsed: 674.948	Loglikelihood: -4.36491e+08	(delta): 7.16169e+06
4 (QN/Block) 	Elapsed: 666.303	Loglikelihood: -4.32634e+08	(delta): 3.85698e+06
5 (QN/Block) 	Elapsed: 655.412	Loglikelihood: -4.31303e+08	(delta): 1.3306e+06
6 (QN/Block) 	Elapsed: 645.659	Loglikelihood: -4.30732e+08	(delta): 570993
7 (QN/Block) 	Elapsed: 652.445	Loglikelihood: -4.30525e+08	(delta): 206732
8 (QN/Block) 	Elapsed: 654.067	Loglikelihood: -4.30397e+08	(delta): 128459
9 (QN/Block) 	Elapsed: 645.826	Loglikelihood: -4.3033e+08	(delta): 67273.7
10 (QN/Block) 	Elapsed: 645.341	Loglikelihood: -4.30277e+08	(delta): 52903.4
11 (QN/Block) 	Elapsed: 653.3	Loglikelihood: -4.30258e+08	(delta): 18462.9
12 (QN/Block) 	Elapsed: 661.74	Loglikelihood: -4.30243e+08	(delta): 15638.5
13 (QN/Block) 	Elapsed: 667.364	Loglikelihood: -4.30232e+08	(delta): 10915
14 (QN/Block) 	Elapsed: 606.555	Loglikelihood: -4.30173e+08	(delta): 58333.6
15 (QN/Block) 	Elapsed: 635.456	Loglikelihood: -4.30067e+08	(delta): 105918
16 (QN/Block) 	Elapsed: 639.836	Loglikelihood: -4.30045e+08	(delta): 22588.3
17 (QN/Block) 	Elapsed: 671.623	Loglikelihood: -4.30005e+08	(delta): 39698.5
18 (QN/Block) 	Elapsed: 701.314	Loglikelihood: -4.30003e+08	(delta): 1599.66
19 (QN/Block) 	Elapsed: 726.731	Loglikelihood: -4.30003e+08	(delta): 409.626
20 (QN/Block) 	Elapsed: 631.394	Loglikelihood: -4.30003e+08	(delta): 118.893
21 (QN/Block) 	Elapsed: 662.271	Loglikelihood: -4.30003e+08	(delta): 25.121
22 (QN/Block) 	Elapsed: 667.331	Loglikelihood: -4.30003e+08	(delta): 0.50039
23 (QN/Block) 	Elapsed: 661.437	Loglikelihood: -4.30003e+08	(delta): 0.128875
24 (QN/Block) 	Elapsed: 635.396	Loglikelihood: -4.30003e+08	(delta): 0.0122426
25 (QN/Block) 	Elapsed: 631.17	Loglikelihood: -4.30003e+08	(delta): 0.00143838
26 (QN/Block) 	Elapsed: 630.294	Loglikelihood: -4.30003e+08	(delta): 9.29236e-05
Summary: 
Converged in 26 iterations (18166.5 sec)
Loglikelihood: -430002942.122314
Fst divergences between estimated populations: 
	Pop0	Pop1	Pop2	Pop3	Pop4	Pop5	Pop6	Pop7	Pop8	
Pop0	
Pop1	0.219	
Pop2	0.346	0.249	
Pop3	0.622	0.543	0.634	
Pop4	0.136	0.122	0.257	0.521	
Pop5	0.209	0.100	0.200	0.507	0.110	
Pop6	0.181	0.069	0.225	0.513	0.078	0.056	
Pop7	0.198	0.115	0.191	0.448	0.111	0.072	0.076	
Pop8	0.247	0.206	0.286	0.505	0.162	0.188	0.184	0.165	
Pop9	0.322	0.302	0.352	0.541	0.258	0.277	0.281	0.226	0.178	
CV error (K=10): 0.43274
Writing output files.
