****                   ADMIXTURE Version 1.3.0                  ****
****                    Copyright 2008-2015                     ****
****           David Alexander, Suyash Shringarpure,            ****
****                John  Novembre, Ken Lange                   ****
****                                                            ****
****                 Please cite our paper!                     ****
****   Information at www.genetics.ucla.edu/software/admixture  ****

Cross-validation will be performed.  Folds=10.
Parallel execution requested.  Will use 8 threads.
Random seed: 12345
Point estimation method: Block relaxation algorithm
Convergence acceleration algorithm: QuasiNewton, 3 secant conditions
Point estimation will terminate when objective function delta < 0.0001
Estimation of standard errors disabled; will compute point estimates only.
Size of G: 3378x299481
Performing five EM steps to prime main algorithm
1 (EM) 	Elapsed: 45.098	Loglikelihood: -5.45526e+08	(delta): 1.06725e+09
2 (EM) 	Elapsed: 39.253	Loglikelihood: -5.18815e+08	(delta): 2.67109e+07
3 (EM) 	Elapsed: 39.331	Loglikelihood: -5.14221e+08	(delta): 4.59461e+06
4 (EM) 	Elapsed: 35.617	Loglikelihood: -5.11835e+08	(delta): 2.38629e+06
5 (EM) 	Elapsed: 37.515	Loglikelihood: -5.10308e+08	(delta): 1.52685e+06
Initial loglikelihood: -5.10308e+08
Starting main algorithm
1 (QN/Block) 	Elapsed: 163.073	Loglikelihood: -4.82313e+08	(delta): 2.79943e+07
2 (QN/Block) 	Elapsed: 167.45	Loglikelihood: -4.68801e+08	(delta): 1.35125e+07
3 (QN/Block) 	Elapsed: 165.007	Loglikelihood: -4.63715e+08	(delta): 5.08605e+06
4 (QN/Block) 	Elapsed: 172.2	Loglikelihood: -4.60668e+08	(delta): 3.04653e+06
5 (QN/Block) 	Elapsed: 176.381	Loglikelihood: -4.60209e+08	(delta): 459491
6 (QN/Block) 	Elapsed: 170.303	Loglikelihood: -4.60178e+08	(delta): 31033.2
7 (QN/Block) 	Elapsed: 161.818	Loglikelihood: -4.60171e+08	(delta): 6905.98
8 (QN/Block) 	Elapsed: 161.901	Loglikelihood: -4.60169e+08	(delta): 2305.04
9 (QN/Block) 	Elapsed: 170.5	Loglikelihood: -4.60168e+08	(delta): 613.844
10 (QN/Block) 	Elapsed: 174.036	Loglikelihood: -4.60168e+08	(delta): 22.6303
11 (QN/Block) 	Elapsed: 158.73	Loglikelihood: -4.60168e+08	(delta): 0.377815
12 (QN/Block) 	Elapsed: 154.371	Loglikelihood: -4.60168e+08	(delta): 0.0399137
13 (QN/Block) 	Elapsed: 172.01	Loglikelihood: -4.60168e+08	(delta): 0.00211537
14 (QN/Block) 	Elapsed: 166.005	Loglikelihood: -4.60168e+08	(delta): 5.62072e-05
Summary: 
Converged in 14 iterations (2560.22 sec)
Loglikelihood: -460168028.164794
Fst divergences between estimated populations: 
	Pop0	Pop1	
Pop0	
Pop1	0.087	
Pop2	0.253	0.235	
CV error (K=3): 0.45925
Writing output files.
